2023/05/16 13:44:34 [notice] 1#1: using the "epoll" event method
2023/05/16 13:44:34 [notice] 1#1: nginx/1.23.4
2023/05/16 13:44:34 [notice] 1#1: built by gcc 12.2.1 20220924 (Alpine 12.2.1_git20220924-r4) 
2023/05/16 13:44:34 [notice] 1#1: OS: Linux 5.15.49-linuxkit
2023/05/16 13:44:34 [notice] 1#1: getrlimit(RLIMIT_NOFILE): 1048576:1048576
2023/05/16 13:44:34 [notice] 1#1: start worker processes
2023/05/16 13:44:34 [notice] 1#1: start worker process 28
2023/05/16 13:44:34 [notice] 1#1: start worker process 29
2023/05/16 13:44:34 [notice] 1#1: start worker process 30
2023/05/16 13:44:34 [notice] 1#1: start worker process 31
2023/05/16 13:44:34 [notice] 1#1: start worker process 32
2023/05/16 13:45:25 [error] 29#29: *2 open() "/var/www/html/favicon.ico" failed (2: No such file or directory), client: 172.19.0.1, server: , request: "GET /favicon.ico HTTP/1.1", host: "localhost:8080", referrer: "http://localhost:8080/"
2023/05/16 13:47:23 [error] 28#28: *4 open() "/var/www/html/index" failed (2: No such file or directory), client: 172.19.0.1, server: , request: "GET /index HTTP/1.1", host: "localhost:8080"
2023/05/16 13:47:59 [notice] 1#1: signal 3 (SIGQUIT) received, shutting down
2023/05/16 13:47:59 [notice] 29#29: gracefully shutting down
2023/05/16 13:47:59 [notice] 32#32: gracefully shutting down
2023/05/16 13:47:59 [notice] 32#32: exiting
2023/05/16 13:47:59 [notice] 31#31: gracefully shutting down
2023/05/16 13:47:59 [notice] 31#31: exiting
2023/05/16 13:47:59 [notice] 30#30: gracefully shutting down
2023/05/16 13:47:59 [notice] 28#28: gracefully shutting down
2023/05/16 13:47:59 [notice] 29#29: exiting
2023/05/16 13:47:59 [notice] 32#32: exit
2023/05/16 13:47:59 [notice] 31#31: exit
2023/05/16 13:47:59 [notice] 28#28: exiting
2023/05/16 13:47:59 [notice] 29#29: exit
2023/05/16 13:47:59 [notice] 28#28: exit
2023/05/16 13:48:00 [notice] 1#1: signal 17 (SIGCHLD) received from 32
2023/05/16 13:48:00 [notice] 1#1: worker process 31 exited with code 0
2023/05/16 13:48:00 [notice] 1#1: worker process 32 exited with code 0
2023/05/16 13:48:00 [notice] 1#1: signal 29 (SIGIO) received
2023/05/16 13:48:00 [notice] 1#1: signal 17 (SIGCHLD) received from 29
2023/05/16 13:48:00 [notice] 1#1: worker process 29 exited with code 0
2023/05/16 13:48:00 [notice] 1#1: signal 29 (SIGIO) received
2023/05/16 13:48:00 [notice] 1#1: signal 17 (SIGCHLD) received from 28
2023/05/16 13:48:00 [notice] 1#1: worker process 28 exited with code 0
2023/05/16 13:48:00 [notice] 1#1: signal 29 (SIGIO) received
2023/05/16 13:48:11 [notice] 1#1: using the "epoll" event method
2023/05/16 13:48:11 [notice] 1#1: nginx/1.23.4
2023/05/16 13:48:11 [notice] 1#1: built by gcc 12.2.1 20220924 (Alpine 12.2.1_git20220924-r4) 
2023/05/16 13:48:11 [notice] 1#1: OS: Linux 5.15.49-linuxkit
2023/05/16 13:48:11 [notice] 1#1: getrlimit(RLIMIT_NOFILE): 1048576:1048576
2023/05/16 13:48:11 [notice] 1#1: start worker processes
2023/05/16 13:48:11 [notice] 1#1: start worker process 29
2023/05/16 13:48:11 [notice] 1#1: start worker process 30
2023/05/16 13:48:11 [notice] 1#1: start worker process 31
2023/05/16 13:48:11 [notice] 1#1: start worker process 32
2023/05/16 13:48:11 [notice] 1#1: start worker process 33
2023/05/16 13:48:15 [error] 29#29: *2 open() "/var/www/html/favicon.ico" failed (2: No such file or directory), client: 172.20.0.1, server: , request: "GET /favicon.ico HTTP/1.1", host: "localhost:8080", referrer: "http://localhost:8080/"
2023/05/16 13:48:15 [error] 29#29: *2 open() "/var/www/html/favicon.ico" failed (2: No such file or directory), client: 172.20.0.1, server: , request: "GET /favicon.ico HTTP/1.1", host: "localhost:8080", referrer: "http://localhost:8080/"
2023/05/16 13:48:16 [error] 29#29: *2 open() "/var/www/html/favicon.ico" failed (2: No such file or directory), client: 172.20.0.1, server: , request: "GET /favicon.ico HTTP/1.1", host: "localhost:8080", referrer: "http://localhost:8080/"
2023/05/16 13:50:06 [notice] 1#1: signal 3 (SIGQUIT) received, shutting down
2023/05/16 13:50:06 [notice] 30#30: gracefully shutting down
2023/05/16 13:50:06 [notice] 31#31: gracefully shutting down
2023/05/16 13:50:06 [notice] 31#31: exiting
2023/05/16 13:50:06 [notice] 33#33: gracefully shutting down
2023/05/16 13:50:06 [notice] 32#32: gracefully shutting down
2023/05/16 13:50:06 [notice] 32#32: exiting
2023/05/16 13:50:06 [notice] 29#29: gracefully shutting down
2023/05/16 13:50:06 [notice] 30#30: exiting
2023/05/16 13:50:06 [notice] 30#30: exit
2023/05/16 13:50:06 [notice] 31#31: exit
2023/05/16 13:50:06 [notice] 33#33: exiting
2023/05/16 13:50:06 [notice] 32#32: exit
2023/05/16 13:50:06 [notice] 29#29: exiting
2023/05/16 13:50:06 [notice] 33#33: exit
2023/05/16 13:50:06 [notice] 29#29: exit
2023/05/16 13:50:06 [notice] 1#1: signal 17 (SIGCHLD) received from 31
2023/05/16 13:50:06 [notice] 1#1: worker process 31 exited with code 0
2023/05/16 13:50:06 [notice] 1#1: signal 29 (SIGIO) received
2023/05/16 13:50:06 [notice] 1#1: signal 17 (SIGCHLD) received from 32
2023/05/16 13:50:06 [notice] 1#1: worker process 30 exited with code 0
2023/05/16 13:50:06 [notice] 1#1: worker process 32 exited with code 0
2023/05/16 13:50:06 [notice] 1#1: signal 29 (SIGIO) received
2023/05/16 13:50:06 [notice] 1#1: signal 17 (SIGCHLD) received from 33
2023/05/16 13:50:06 [notice] 1#1: worker process 33 exited with code 0
2023/05/16 13:50:06 [notice] 1#1: signal 29 (SIGIO) received
2023/05/16 13:50:06 [notice] 1#1: signal 17 (SIGCHLD) received from 29
2023/05/16 13:50:06 [notice] 1#1: worker process 29 exited with code 0
2023/05/16 13:50:06 [notice] 1#1: exit
2023/05/16 13:58:20 [notice] 1#1: using the "epoll" event method
2023/05/16 13:58:20 [notice] 1#1: nginx/1.23.4
2023/05/16 13:58:20 [notice] 1#1: built by gcc 12.2.1 20220924 (Alpine 12.2.1_git20220924-r4) 
2023/05/16 13:58:20 [notice] 1#1: OS: Linux 5.15.49-linuxkit
2023/05/16 13:58:20 [notice] 1#1: getrlimit(RLIMIT_NOFILE): 1048576:1048576
2023/05/16 13:58:20 [notice] 1#1: start worker processes
2023/05/16 13:58:20 [notice] 1#1: start worker process 29
2023/05/16 13:58:20 [notice] 1#1: start worker process 30
2023/05/16 13:58:20 [notice] 1#1: start worker process 31
2023/05/16 13:58:20 [notice] 1#1: start worker process 32
2023/05/16 13:58:20 [notice] 1#1: start worker process 33
2023/05/16 13:58:42 [error] 29#29: *1 open() "/var/www/html/favicon.ico" failed (2: No such file or directory), client: 172.21.0.1, server: , request: "GET /favicon.ico HTTP/1.1", host: "localhost:8080", referrer: "http://localhost:8080/"
2023/05/16 13:58:43 [error] 29#29: *1 open() "/var/www/html/favicon.ico" failed (2: No such file or directory), client: 172.21.0.1, server: , request: "GET /favicon.ico HTTP/1.1", host: "localhost:8080", referrer: "http://localhost:8080/"
2023/05/16 13:58:44 [error] 29#29: *1 open() "/var/www/html/favicon.ico" failed (2: No such file or directory), client: 172.21.0.1, server: , request: "GET /favicon.ico HTTP/1.1", host: "localhost:8080", referrer: "http://localhost:8080/"
2023/05/16 13:58:44 [error] 29#29: *1 open() "/var/www/html/favicon.ico" failed (2: No such file or directory), client: 172.21.0.1, server: , request: "GET /favicon.ico HTTP/1.1", host: "localhost:8080", referrer: "http://localhost:8080/"
2023/05/16 13:58:44 [error] 29#29: *1 open() "/var/www/html/favicon.ico" failed (2: No such file or directory), client: 172.21.0.1, server: , request: "GET /favicon.ico HTTP/1.1", host: "localhost:8080", referrer: "http://localhost:8080/"
2023/05/16 13:58:44 [error] 29#29: *1 open() "/var/www/html/favicon.ico" failed (2: No such file or directory), client: 172.21.0.1, server: , request: "GET /favicon.ico HTTP/1.1", host: "localhost:8080", referrer: "http://localhost:8080/"
2023/05/16 14:07:17 [notice] 1#1: signal 3 (SIGQUIT) received, shutting down
2023/05/16 14:07:17 [notice] 29#29: gracefully shutting down
2023/05/16 14:07:17 [notice] 30#30: gracefully shutting down
2023/05/16 14:07:17 [notice] 32#32: gracefully shutting down
2023/05/16 14:07:17 [notice] 31#31: gracefully shutting down
2023/05/16 14:07:17 [notice] 33#33: gracefully shutting down
2023/05/16 14:07:17 [notice] 29#29: exiting
2023/05/16 14:07:17 [notice] 29#29: exit
2023/05/16 14:07:17 [notice] 30#30: exiting
2023/05/16 14:07:17 [notice] 32#32: exiting
2023/05/16 14:07:17 [notice] 31#31: exiting
2023/05/16 14:07:17 [notice] 33#33: exiting
2023/05/16 14:07:17 [notice] 30#30: exit
2023/05/16 14:07:17 [notice] 32#32: exit
2023/05/16 14:07:17 [notice] 31#31: exit
2023/05/16 14:07:17 [notice] 33#33: exit
2023/05/16 14:07:17 [notice] 1#1: signal 17 (SIGCHLD) received from 29
2023/05/16 14:07:17 [notice] 1#1: worker process 29 exited with code 0
2023/05/16 14:07:17 [notice] 1#1: signal 29 (SIGIO) received
2023/05/16 14:07:17 [notice] 1#1: signal 17 (SIGCHLD) received from 32
2023/05/16 14:07:17 [notice] 1#1: worker process 32 exited with code 0
2023/05/16 14:07:17 [notice] 1#1: signal 29 (SIGIO) received
2023/05/16 14:07:17 [notice] 1#1: signal 17 (SIGCHLD) received from 31
2023/05/16 14:07:17 [notice] 1#1: worker process 31 exited with code 0
2023/05/16 14:07:17 [notice] 1#1: signal 29 (SIGIO) received
2023/05/16 14:07:17 [notice] 1#1: signal 17 (SIGCHLD) received from 33
2023/05/16 14:07:17 [notice] 1#1: worker process 30 exited with code 0
2023/05/16 14:07:17 [notice] 1#1: worker process 33 exited with code 0
2023/05/16 14:07:17 [notice] 1#1: exit
2023/05/16 14:07:26 [notice] 1#1: using the "epoll" event method
2023/05/16 14:07:26 [notice] 1#1: nginx/1.23.4
2023/05/16 14:07:26 [notice] 1#1: built by gcc 12.2.1 20220924 (Alpine 12.2.1_git20220924-r4) 
2023/05/16 14:07:26 [notice] 1#1: OS: Linux 5.15.49-linuxkit
2023/05/16 14:07:26 [notice] 1#1: getrlimit(RLIMIT_NOFILE): 1048576:1048576
2023/05/16 14:07:26 [notice] 1#1: start worker processes
2023/05/16 14:07:26 [notice] 1#1: start worker process 29
2023/05/16 14:07:26 [notice] 1#1: start worker process 30
2023/05/16 14:07:26 [notice] 1#1: start worker process 31
2023/05/16 14:07:26 [notice] 1#1: start worker process 32
2023/05/16 14:07:26 [notice] 1#1: start worker process 33
2023/05/16 14:07:29 [error] 30#30: *1 open() "/var/www/html/favicon.ico" failed (2: No such file or directory), client: 172.22.0.1, server: , request: "GET /favicon.ico HTTP/1.1", host: "localhost:8080", referrer: "http://localhost:8080/"
2023/05/16 14:08:33 [notice] 1#1: signal 3 (SIGQUIT) received, shutting down
2023/05/16 14:08:33 [notice] 29#29: gracefully shutting down
2023/05/16 14:08:33 [notice] 29#29: exiting
2023/05/16 14:08:33 [notice] 30#30: gracefully shutting down
2023/05/16 14:08:33 [notice] 31#31: gracefully shutting down
2023/05/16 14:08:33 [notice] 31#31: exiting
2023/05/16 14:08:33 [notice] 32#32: gracefully shutting down
2023/05/16 14:08:33 [notice] 33#33: gracefully shutting down
2023/05/16 14:08:33 [notice] 29#29: exit
2023/05/16 14:08:33 [notice] 30#30: exiting
2023/05/16 14:08:33 [notice] 31#31: exit
2023/05/16 14:08:33 [notice] 32#32: exiting
2023/05/16 14:08:33 [notice] 33#33: exiting
2023/05/16 14:08:33 [notice] 30#30: exit
2023/05/16 14:08:33 [notice] 32#32: exit
2023/05/16 14:08:33 [notice] 33#33: exit
2023/05/16 14:08:33 [notice] 1#1: signal 17 (SIGCHLD) received from 29
2023/05/16 14:08:33 [notice] 1#1: worker process 29 exited with code 0
2023/05/16 14:08:33 [notice] 1#1: signal 29 (SIGIO) received
2023/05/16 14:08:33 [notice] 1#1: signal 17 (SIGCHLD) received from 31
2023/05/16 14:08:33 [notice] 1#1: worker process 31 exited with code 0
2023/05/16 14:08:33 [notice] 1#1: signal 29 (SIGIO) received
2023/05/16 14:08:33 [notice] 1#1: signal 17 (SIGCHLD) received from 33
2023/05/16 14:08:33 [notice] 1#1: worker process 32 exited with code 0
2023/05/16 14:08:33 [notice] 1#1: worker process 30 exited with code 0
2023/05/16 14:08:33 [notice] 1#1: worker process 33 exited with code 0
2023/05/16 14:08:33 [notice] 1#1: exit
2023/05/16 14:08:38 [notice] 1#1: using the "epoll" event method
2023/05/16 14:08:38 [notice] 1#1: nginx/1.23.4
2023/05/16 14:08:38 [notice] 1#1: built by gcc 12.2.1 20220924 (Alpine 12.2.1_git20220924-r4) 
2023/05/16 14:08:38 [notice] 1#1: OS: Linux 5.15.49-linuxkit
2023/05/16 14:08:38 [notice] 1#1: getrlimit(RLIMIT_NOFILE): 1048576:1048576
2023/05/16 14:08:38 [notice] 1#1: start worker processes
2023/05/16 14:08:38 [notice] 1#1: start worker process 29
2023/05/16 14:08:38 [notice] 1#1: start worker process 30
2023/05/16 14:08:38 [notice] 1#1: start worker process 31
2023/05/16 14:08:38 [notice] 1#1: start worker process 32
2023/05/16 14:08:38 [notice] 1#1: start worker process 33
2023/05/16 14:08:42 [error] 29#29: *2 open() "/var/www/html/favicon.ico" failed (2: No such file or directory), client: 172.23.0.1, server: , request: "GET /favicon.ico HTTP/1.1", host: "localhost:8080", referrer: "http://localhost:8080/"
2023/05/16 14:08:43 [error] 29#29: *2 open() "/var/www/html/favicon.ico" failed (2: No such file or directory), client: 172.23.0.1, server: , request: "GET /favicon.ico HTTP/1.1", host: "localhost:8080", referrer: "http://localhost:8080/"
2023/05/16 14:08:43 [error] 29#29: *2 open() "/var/www/html/favicon.ico" failed (2: No such file or directory), client: 172.23.0.1, server: , request: "GET /favicon.ico HTTP/1.1", host: "localhost:8080", referrer: "http://localhost:8080/"
2023/05/16 14:08:43 [error] 29#29: *2 open() "/var/www/html/favicon.ico" failed (2: No such file or directory), client: 172.23.0.1, server: , request: "GET /favicon.ico HTTP/1.1", host: "localhost:8080", referrer: "http://localhost:8080/"
2023/05/16 14:10:41 [notice] 1#1: signal 3 (SIGQUIT) received, shutting down
2023/05/16 14:10:41 [notice] 33#33: gracefully shutting down
2023/05/16 14:10:41 [notice] 33#33: exiting
2023/05/16 14:10:41 [notice] 31#31: gracefully shutting down
2023/05/16 14:10:41 [notice] 31#31: exiting
2023/05/16 14:10:41 [notice] 32#32: gracefully shutting down
2023/05/16 14:10:41 [notice] 32#32: exiting
2023/05/16 14:10:41 [notice] 30#30: gracefully shutting down
2023/05/16 14:10:41 [notice] 29#29: gracefully shutting down
2023/05/16 14:10:41 [notice] 33#33: exit
2023/05/16 14:10:41 [notice] 31#31: exit
2023/05/16 14:10:41 [notice] 32#32: exit
2023/05/16 14:10:41 [notice] 30#30: exiting
2023/05/16 14:10:41 [notice] 29#29: exiting
2023/05/16 14:10:41 [notice] 30#30: exit
2023/05/16 14:10:41 [notice] 29#29: exit
2023/05/16 14:10:41 [notice] 1#1: signal 17 (SIGCHLD) received from 30
2023/05/16 14:10:41 [notice] 1#1: worker process 30 exited with code 0
2023/05/16 14:10:41 [notice] 1#1: worker process 31 exited with code 0
2023/05/16 14:10:41 [notice] 1#1: worker process 32 exited with code 0
2023/05/16 14:10:41 [notice] 1#1: worker process 33 exited with code 0
2023/05/16 14:10:41 [notice] 1#1: signal 29 (SIGIO) received
2023/05/16 14:10:41 [notice] 1#1: signal 17 (SIGCHLD) received from 29
2023/05/16 14:10:41 [notice] 1#1: worker process 29 exited with code 0
2023/05/16 14:10:41 [notice] 1#1: exit
2023/05/16 14:12:38 [notice] 1#1: using the "epoll" event method
2023/05/16 14:12:38 [notice] 1#1: nginx/1.23.4
2023/05/16 14:12:38 [notice] 1#1: built by gcc 12.2.1 20220924 (Alpine 12.2.1_git20220924-r4) 
2023/05/16 14:12:38 [notice] 1#1: OS: Linux 5.15.49-linuxkit
2023/05/16 14:12:38 [notice] 1#1: getrlimit(RLIMIT_NOFILE): 1048576:1048576
2023/05/16 14:12:38 [notice] 1#1: start worker processes
2023/05/16 14:12:38 [notice] 1#1: start worker process 29
2023/05/16 14:12:38 [notice] 1#1: start worker process 30
2023/05/16 14:12:38 [notice] 1#1: start worker process 31
2023/05/16 14:12:38 [notice] 1#1: start worker process 32
2023/05/16 14:12:38 [notice] 1#1: start worker process 33
2023/05/16 14:12:42 [error] 30#30: *2 open() "/var/www/html/favicon.ico" failed (2: No such file or directory), client: 172.24.0.1, server: , request: "GET /favicon.ico HTTP/1.1", host: "localhost:8080", referrer: "http://localhost:8080/"
2023/05/16 14:12:43 [error] 30#30: *2 open() "/var/www/html/favicon.ico" failed (2: No such file or directory), client: 172.24.0.1, server: , request: "GET /favicon.ico HTTP/1.1", host: "localhost:8080", referrer: "http://localhost:8080/"
2023/05/16 14:12:43 [error] 30#30: *2 open() "/var/www/html/favicon.ico" failed (2: No such file or directory), client: 172.24.0.1, server: , request: "GET /favicon.ico HTTP/1.1", host: "localhost:8080", referrer: "http://localhost:8080/"
2023/05/16 14:12:43 [error] 30#30: *2 open() "/var/www/html/favicon.ico" failed (2: No such file or directory), client: 172.24.0.1, server: , request: "GET /favicon.ico HTTP/1.1", host: "localhost:8080", referrer: "http://localhost:8080/"
2023/05/16 14:12:43 [error] 30#30: *2 open() "/var/www/html/favicon.ico" failed (2: No such file or directory), client: 172.24.0.1, server: , request: "GET /favicon.ico HTTP/1.1", host: "localhost:8080", referrer: "http://localhost:8080/"
2023/05/16 14:12:44 [error] 30#30: *2 open() "/var/www/html/favicon.ico" failed (2: No such file or directory), client: 172.24.0.1, server: , request: "GET /favicon.ico HTTP/1.1", host: "localhost:8080", referrer: "http://localhost:8080/"
2023/05/16 14:12:44 [error] 30#30: *2 open() "/var/www/html/favicon.ico" failed (2: No such file or directory), client: 172.24.0.1, server: , request: "GET /favicon.ico HTTP/1.1", host: "localhost:8080", referrer: "http://localhost:8080/"
2023/05/16 14:12:44 [error] 30#30: *2 open() "/var/www/html/favicon.ico" failed (2: No such file or directory), client: 172.24.0.1, server: , request: "GET /favicon.ico HTTP/1.1", host: "localhost:8080", referrer: "http://localhost:8080/"
2023/05/16 14:12:44 [error] 30#30: *2 open() "/var/www/html/favicon.ico" failed (2: No such file or directory), client: 172.24.0.1, server: , request: "GET /favicon.ico HTTP/1.1", host: "localhost:8080", referrer: "http://localhost:8080/"
2023/05/16 14:14:30 [error] 29#29: *12 open() "/var/www/html/favicon.ico" failed (2: No such file or directory), client: 172.24.0.1, server: , request: "GET /favicon.ico HTTP/1.1", host: "localhost:8080", referrer: "http://localhost:8080/"
2023/05/16 14:17:43 [notice] 1#1: signal 3 (SIGQUIT) received, shutting down
2023/05/16 14:17:43 [notice] 29#29: gracefully shutting down
2023/05/16 14:17:43 [notice] 30#30: gracefully shutting down
2023/05/16 14:17:43 [notice] 33#33: gracefully shutting down
2023/05/16 14:17:43 [notice] 32#32: gracefully shutting down
2023/05/16 14:17:43 [notice] 31#31: gracefully shutting down
2023/05/16 14:17:43 [notice] 29#29: exiting
2023/05/16 14:17:43 [notice] 30#30: exiting
2023/05/16 14:17:43 [notice] 33#33: exiting
2023/05/16 14:17:43 [notice] 32#32: exiting
2023/05/16 14:17:43 [notice] 31#31: exiting
2023/05/16 14:17:43 [notice] 29#29: exit
2023/05/16 14:17:43 [notice] 30#30: exit
2023/05/16 14:17:43 [notice] 33#33: exit
2023/05/16 14:17:43 [notice] 32#32: exit
2023/05/16 14:17:43 [notice] 31#31: exit
2023/05/16 14:17:43 [notice] 1#1: signal 17 (SIGCHLD) received from 29
2023/05/16 14:17:43 [notice] 1#1: worker process 29 exited with code 0
2023/05/16 14:17:43 [notice] 1#1: signal 29 (SIGIO) received
2023/05/16 14:17:43 [notice] 1#1: signal 17 (SIGCHLD) received from 30
2023/05/16 14:17:43 [notice] 1#1: worker process 30 exited with code 0
2023/05/16 14:17:43 [notice] 1#1: worker process 33 exited with code 0
2023/05/16 14:17:43 [notice] 1#1: signal 29 (SIGIO) received
2023/05/16 14:17:43 [notice] 1#1: signal 17 (SIGCHLD) received from 33
2023/05/16 14:17:43 [notice] 1#1: worker process 31 exited with code 0
2023/05/16 14:17:43 [notice] 1#1: signal 29 (SIGIO) received
2023/05/16 14:17:43 [notice] 1#1: signal 17 (SIGCHLD) received from 32
2023/05/16 14:17:43 [notice] 1#1: worker process 32 exited with code 0
2023/05/16 14:17:43 [notice] 1#1: exit
2023/05/16 14:18:15 [notice] 1#1: using the "epoll" event method
2023/05/16 14:18:15 [notice] 1#1: nginx/1.23.4
2023/05/16 14:18:15 [notice] 1#1: built by gcc 12.2.1 20220924 (Alpine 12.2.1_git20220924-r4) 
2023/05/16 14:18:15 [notice] 1#1: OS: Linux 5.15.49-linuxkit
2023/05/16 14:18:15 [notice] 1#1: getrlimit(RLIMIT_NOFILE): 1048576:1048576
2023/05/16 14:18:15 [notice] 1#1: start worker processes
2023/05/16 14:18:15 [notice] 1#1: start worker process 29
2023/05/16 14:18:15 [notice] 1#1: start worker process 30
2023/05/16 14:18:15 [notice] 1#1: start worker process 31
2023/05/16 14:18:15 [notice] 1#1: start worker process 32
2023/05/16 14:18:15 [notice] 1#1: start worker process 33
2023/05/16 14:18:35 [error] 29#29: *1 open() "/var/www/html/favicon.ico" failed (2: No such file or directory), client: 172.25.0.1, server: , request: "GET /favicon.ico HTTP/1.1", host: "localhost:8080", referrer: "http://localhost:8080/"
2023/05/16 14:18:36 [error] 29#29: *1 open() "/var/www/html/favicon.ico" failed (2: No such file or directory), client: 172.25.0.1, server: , request: "GET /favicon.ico HTTP/1.1", host: "localhost:8080", referrer: "http://localhost:8080/"
2023/05/16 14:18:36 [error] 29#29: *1 open() "/var/www/html/favicon.ico" failed (2: No such file or directory), client: 172.25.0.1, server: , request: "GET /favicon.ico HTTP/1.1", host: "localhost:8080", referrer: "http://localhost:8080/"
2023/05/16 14:18:36 [error] 29#29: *1 open() "/var/www/html/favicon.ico" failed (2: No such file or directory), client: 172.25.0.1, server: , request: "GET /favicon.ico HTTP/1.1", host: "localhost:8080", referrer: "http://localhost:8080/"
2023/05/16 14:18:36 [error] 29#29: *1 open() "/var/www/html/favicon.ico" failed (2: No such file or directory), client: 172.25.0.1, server: , request: "GET /favicon.ico HTTP/1.1", host: "localhost:8080", referrer: "http://localhost:8080/"
2023/05/16 14:18:37 [error] 29#29: *1 open() "/var/www/html/favicon.ico" failed (2: No such file or directory), client: 172.25.0.1, server: , request: "GET /favicon.ico HTTP/1.1", host: "localhost:8080", referrer: "http://localhost:8080/"
2023/05/16 14:18:58 [error] 29#29: *1 open() "/var/www/html/index.html" failed (2: No such file or directory), client: 172.25.0.1, server: , request: "GET /index.html HTTP/1.1", host: "localhost:8080"
2023/05/16 14:19:49 [notice] 1#1: signal 3 (SIGQUIT) received, shutting down
2023/05/16 14:19:49 [notice] 29#29: gracefully shutting down
2023/05/16 14:19:49 [notice] 30#30: gracefully shutting down
2023/05/16 14:19:49 [notice] 33#33: gracefully shutting down
2023/05/16 14:19:49 [notice] 32#32: gracefully shutting down
2023/05/16 14:19:49 [notice] 32#32: exiting
2023/05/16 14:19:49 [notice] 31#31: gracefully shutting down
2023/05/16 14:19:49 [notice] 31#31: exiting
2023/05/16 14:19:49 [notice] 29#29: exiting
2023/05/16 14:19:49 [notice] 30#30: exiting
2023/05/16 14:19:49 [notice] 30#30: exit
2023/05/16 14:19:49 [notice] 33#33: exiting
2023/05/16 14:19:49 [notice] 32#32: exit
2023/05/16 14:19:49 [notice] 31#31: exit
2023/05/16 14:19:49 [notice] 29#29: exit
2023/05/16 14:19:49 [notice] 33#33: exit
2023/05/16 14:19:49 [notice] 1#1: signal 17 (SIGCHLD) received from 32
2023/05/16 14:19:49 [notice] 1#1: worker process 32 exited with code 0
2023/05/16 14:19:49 [notice] 1#1: signal 29 (SIGIO) received
2023/05/16 14:19:49 [notice] 1#1: signal 17 (SIGCHLD) received from 31
2023/05/16 14:19:49 [notice] 1#1: worker process 29 exited with code 0
2023/05/16 14:19:49 [notice] 1#1: worker process 31 exited with code 0
2023/05/16 14:19:49 [notice] 1#1: signal 29 (SIGIO) received
2023/05/16 14:19:49 [notice] 1#1: signal 17 (SIGCHLD) received from 30
2023/05/16 14:19:49 [notice] 1#1: worker process 30 exited with code 0
2023/05/16 14:19:49 [notice] 1#1: signal 29 (SIGIO) received
2023/05/16 14:19:49 [notice] 1#1: signal 17 (SIGCHLD) received from 33
2023/05/16 14:19:49 [notice] 1#1: worker process 33 exited with code 0
2023/05/16 14:19:49 [notice] 1#1: exit
2023/05/16 14:19:52 [notice] 1#1: using the "epoll" event method
2023/05/16 14:19:52 [notice] 1#1: nginx/1.23.4
2023/05/16 14:19:52 [notice] 1#1: built by gcc 12.2.1 20220924 (Alpine 12.2.1_git20220924-r4) 
2023/05/16 14:19:52 [notice] 1#1: OS: Linux 5.15.49-linuxkit
2023/05/16 14:19:52 [notice] 1#1: getrlimit(RLIMIT_NOFILE): 1048576:1048576
2023/05/16 14:19:52 [notice] 1#1: start worker processes
2023/05/16 14:19:52 [notice] 1#1: start worker process 29
2023/05/16 14:19:52 [notice] 1#1: start worker process 30
2023/05/16 14:19:52 [notice] 1#1: start worker process 31
2023/05/16 14:19:52 [notice] 1#1: start worker process 32
2023/05/16 14:19:52 [notice] 1#1: start worker process 33
2023/05/16 14:24:23 [notice] 1#1: signal 3 (SIGQUIT) received, shutting down
2023/05/16 14:24:23 [notice] 29#29: gracefully shutting down
2023/05/16 14:24:23 [notice] 29#29: exiting
2023/05/16 14:24:23 [notice] 30#30: gracefully shutting down
2023/05/16 14:24:23 [notice] 30#30: exiting
2023/05/16 14:24:23 [notice] 31#31: gracefully shutting down
2023/05/16 14:24:23 [notice] 31#31: exiting
2023/05/16 14:24:23 [notice] 32#32: gracefully shutting down
2023/05/16 14:24:23 [notice] 33#33: gracefully shutting down
2023/05/16 14:24:23 [notice] 29#29: exit
2023/05/16 14:24:23 [notice] 30#30: exit
2023/05/16 14:24:23 [notice] 31#31: exit
2023/05/16 14:24:23 [notice] 32#32: exiting
2023/05/16 14:24:23 [notice] 33#33: exiting
2023/05/16 14:24:23 [notice] 32#32: exit
2023/05/16 14:24:23 [notice] 33#33: exit
2023/05/16 14:24:23 [notice] 1#1: signal 17 (SIGCHLD) received from 29
2023/05/16 14:24:23 [notice] 1#1: worker process 29 exited with code 0
2023/05/16 14:24:23 [notice] 1#1: worker process 31 exited with code 0
2023/05/16 14:24:23 [notice] 1#1: signal 29 (SIGIO) received
2023/05/16 14:24:23 [notice] 1#1: signal 17 (SIGCHLD) received from 32
2023/05/16 14:24:23 [notice] 1#1: worker process 30 exited with code 0
2023/05/16 14:24:23 [notice] 1#1: worker process 32 exited with code 0
2023/05/16 14:24:23 [notice] 1#1: worker process 33 exited with code 0
2023/05/16 14:24:23 [notice] 1#1: exit
2023/05/16 14:24:26 [notice] 1#1: using the "epoll" event method
2023/05/16 14:24:26 [notice] 1#1: nginx/1.23.4
2023/05/16 14:24:26 [notice] 1#1: built by gcc 12.2.1 20220924 (Alpine 12.2.1_git20220924-r4) 
2023/05/16 14:24:26 [notice] 1#1: OS: Linux 5.15.49-linuxkit
2023/05/16 14:24:26 [notice] 1#1: getrlimit(RLIMIT_NOFILE): 1048576:1048576
2023/05/16 14:24:26 [notice] 1#1: start worker processes
2023/05/16 14:24:26 [notice] 1#1: start worker process 29
2023/05/16 14:24:26 [notice] 1#1: start worker process 30
2023/05/16 14:24:26 [notice] 1#1: start worker process 31
2023/05/16 14:24:26 [notice] 1#1: start worker process 32
2023/05/16 14:24:26 [notice] 1#1: start worker process 33
2023/05/16 14:25:17 [notice] 1#1: signal 3 (SIGQUIT) received, shutting down
2023/05/16 14:25:17 [notice] 31#31: gracefully shutting down
2023/05/16 14:25:17 [notice] 29#29: gracefully shutting down
2023/05/16 14:25:17 [notice] 29#29: exiting
2023/05/16 14:25:17 [notice] 30#30: gracefully shutting down
2023/05/16 14:25:17 [notice] 30#30: exiting
2023/05/16 14:25:17 [notice] 32#32: gracefully shutting down
2023/05/16 14:25:17 [notice] 32#32: exiting
2023/05/16 14:25:17 [notice] 33#33: gracefully shutting down
2023/05/16 14:25:17 [notice] 31#31: exiting
2023/05/16 14:25:17 [notice] 31#31: exit
2023/05/16 14:25:17 [notice] 29#29: exit
2023/05/16 14:25:17 [notice] 30#30: exit
2023/05/16 14:25:17 [notice] 32#32: exit
2023/05/16 14:25:17 [notice] 33#33: exiting
2023/05/16 14:25:17 [notice] 33#33: exit
2023/05/16 14:25:17 [notice] 1#1: signal 17 (SIGCHLD) received from 33
2023/05/16 14:25:17 [notice] 1#1: worker process 30 exited with code 0
2023/05/16 14:25:17 [notice] 1#1: worker process 31 exited with code 0
2023/05/16 14:25:17 [notice] 1#1: worker process 33 exited with code 0
2023/05/16 14:25:17 [notice] 1#1: signal 29 (SIGIO) received
2023/05/16 14:25:17 [notice] 1#1: signal 17 (SIGCHLD) received from 30
2023/05/16 14:25:17 [notice] 1#1: signal 17 (SIGCHLD) received from 29
2023/05/16 14:25:17 [notice] 1#1: worker process 29 exited with code 0
2023/05/16 14:25:17 [notice] 1#1: signal 29 (SIGIO) received
2023/05/16 14:25:17 [notice] 1#1: signal 17 (SIGCHLD) received from 32
2023/05/16 14:25:17 [notice] 1#1: worker process 32 exited with code 0
2023/05/16 14:25:17 [notice] 1#1: exit
2023/05/16 14:25:19 [notice] 1#1: using the "epoll" event method
2023/05/16 14:25:19 [notice] 1#1: nginx/1.23.4
2023/05/16 14:25:19 [notice] 1#1: built by gcc 12.2.1 20220924 (Alpine 12.2.1_git20220924-r4) 
2023/05/16 14:25:19 [notice] 1#1: OS: Linux 5.15.49-linuxkit
2023/05/16 14:25:19 [notice] 1#1: getrlimit(RLIMIT_NOFILE): 1048576:1048576
2023/05/16 14:25:19 [notice] 1#1: start worker processes
2023/05/16 14:25:19 [notice] 1#1: start worker process 29
2023/05/16 14:25:19 [notice] 1#1: start worker process 30
2023/05/16 14:25:19 [notice] 1#1: start worker process 31
2023/05/16 14:25:19 [notice] 1#1: start worker process 32
2023/05/16 14:25:19 [notice] 1#1: start worker process 33
2023/05/16 14:33:54 [notice] 1#1: signal 3 (SIGQUIT) received, shutting down
2023/05/16 14:33:54 [notice] 29#29: gracefully shutting down
2023/05/16 14:33:54 [notice] 31#31: gracefully shutting down
2023/05/16 14:33:54 [notice] 30#30: gracefully shutting down
2023/05/16 14:33:54 [notice] 33#33: gracefully shutting down
2023/05/16 14:33:54 [notice] 32#32: gracefully shutting down
2023/05/16 14:33:54 [notice] 29#29: exiting
2023/05/16 14:33:54 [notice] 31#31: exiting
2023/05/16 14:33:54 [notice] 30#30: exiting
2023/05/16 14:33:54 [notice] 33#33: exiting
2023/05/16 14:33:54 [notice] 32#32: exiting
2023/05/16 14:33:54 [notice] 29#29: exit
2023/05/16 14:33:54 [notice] 31#31: exit
2023/05/16 14:33:54 [notice] 30#30: exit
2023/05/16 14:33:54 [notice] 33#33: exit
2023/05/16 14:33:54 [notice] 32#32: exit
2023/05/16 14:33:54 [notice] 1#1: signal 17 (SIGCHLD) received from 29
2023/05/16 14:33:54 [notice] 1#1: worker process 29 exited with code 0
2023/05/16 14:33:54 [notice] 1#1: worker process 30 exited with code 0
2023/05/16 14:33:54 [notice] 1#1: signal 29 (SIGIO) received
2023/05/16 14:33:54 [notice] 1#1: signal 17 (SIGCHLD) received from 30
2023/05/16 14:33:54 [notice] 1#1: worker process 31 exited with code 0
2023/05/16 14:33:54 [notice] 1#1: signal 29 (SIGIO) received
2023/05/16 14:33:54 [notice] 1#1: signal 17 (SIGCHLD) received from 32
2023/05/16 14:33:54 [notice] 1#1: worker process 32 exited with code 0
2023/05/16 14:33:54 [notice] 1#1: signal 29 (SIGIO) received
2023/05/16 14:33:54 [notice] 1#1: signal 17 (SIGCHLD) received from 33
2023/05/16 14:33:54 [notice] 1#1: worker process 33 exited with code 0
2023/05/16 14:33:54 [notice] 1#1: exit
